<!DOCTYPE html>
<html>
<head>
<meta http-equiv="Content-Type" content="text/html; charset=utf-8"/>
<meta http-equiv="x-ua-compatible" content="IE=edge"/>
<title>Test results - Class org.hyperskill.simplebankmanager.Stage3UnitTest</title>
<link href="../css/base-style.css" rel="stylesheet" type="text/css"/>
<link href="../css/style.css" rel="stylesheet" type="text/css"/>
<script src="../js/report.js" type="text/javascript"></script>
</head>
<body>
<div id="content">
<h1>Class org.hyperskill.simplebankmanager.Stage3UnitTest</h1>
<div class="breadcrumbs">
<a href="../index.html">all</a> &gt; 
<a href="../packages/org.hyperskill.simplebankmanager.html">org.hyperskill.simplebankmanager</a> &gt; Stage3UnitTest</div>
<div id="summary">
<table>
<tr>
<td>
<div class="summaryGroup">
<table>
<tr>
<td>
<div class="infoBox" id="tests">
<div class="counter">12</div>
<p>tests</p>
</div>
</td>
<td>
<div class="infoBox" id="failures">
<div class="counter">9</div>
<p>failures</p>
</div>
</td>
<td>
<div class="infoBox" id="ignored">
<div class="counter">0</div>
<p>ignored</p>
</div>
</td>
<td>
<div class="infoBox" id="duration">
<div class="counter">4.294s</div>
<p>duration</p>
</div>
</td>
</tr>
</table>
</div>
</td>
<td>
<div class="infoBox failures" id="successRate">
<div class="percent">25%</div>
<p>successful</p>
</div>
</td>
</tr>
</table>
</div>
<div id="tabs">
<ul class="tabLinks">
<li>
<a href="#tab0">Failed tests</a>
</li>
<li>
<a href="#tab1">Tests</a>
</li>
</ul>
<div id="tab0" class="tab">
<h2>Failed tests</h2>
<div class="test">
<a name="test03_checkNavigationOnTransferFundsClick"></a>
<h3 class="failures">test03_checkNavigationOnTransferFundsClick</h3>
<span class="code">
<pre>java.lang.AssertionError: View with id &quot;transferFundsAccountEditText&quot; was not found
	at org.junit.Assert.fail(Assert.java:89)
	at org.junit.Assert.assertTrue(Assert.java:42)
	at org.junit.Assert.assertNotNull(Assert.java:713)
	at org.hyperskill.simplebankmanager.internals.screen.TransferFundsScreen.&lt;init&gt;(TransferFundsScreen.kt:51)
	at org.hyperskill.simplebankmanager.Stage3UnitTest$test03_checkNavigationOnTransferFundsClick$1.invoke(Stage3UnitTest.kt:105)
	at org.hyperskill.simplebankmanager.Stage3UnitTest$test03_checkNavigationOnTransferFundsClick$1.invoke(Stage3UnitTest.kt:96)
	at org.hyperskill.simplebankmanager.internals.AbstractUnitTest.testActivity(AbstractUnitTest.kt:91)
	at org.hyperskill.simplebankmanager.internals.AbstractUnitTest.testActivity$default(AbstractUnitTest.kt:74)
	at org.hyperskill.simplebankmanager.Stage3UnitTest.test03_checkNavigationOnTransferFundsClick(Stage3UnitTest.kt:96)
	at java.base/jdk.internal.reflect.DirectMethodHandleAccessor.invoke(DirectMethodHandleAccessor.java:103)
	at java.base/java.lang.reflect.Method.invoke(Method.java:580)
	at org.junit.runners.model.FrameworkMethod$1.runReflectiveCall(FrameworkMethod.java:59)
	at org.junit.internal.runners.model.ReflectiveCallable.run(ReflectiveCallable.java:12)
	at org.junit.runners.model.FrameworkMethod.invokeExplosively(FrameworkMethod.java:56)
	at org.junit.internal.runners.statements.InvokeMethod.evaluate(InvokeMethod.java:17)
	at org.junit.runners.ParentRunner$3.evaluate(ParentRunner.java:306)
	at org.robolectric.RobolectricTestRunner$HelperTestRunner$1.evaluate(RobolectricTestRunner.java:502)
	at org.robolectric.internal.SandboxTestRunner$2.lambda$evaluate$2(SandboxTestRunner.java:285)
	at org.robolectric.internal.bytecode.Sandbox.lambda$runOnMainThread$0(Sandbox.java:104)
	at java.base/java.util.concurrent.FutureTask.run(FutureTask.java:317)
	at java.base/java.util.concurrent.ThreadPoolExecutor.runWorker(ThreadPoolExecutor.java:1144)
	at java.base/java.util.concurrent.ThreadPoolExecutor$Worker.run(ThreadPoolExecutor.java:642)
	at java.base/java.lang.Thread.run(Thread.java:1583)
</pre>
</span>
</div>
<div class="test">
<a name="test04_checkEmptyAmountTransferError"></a>
<h3 class="failures">test04_checkEmptyAmountTransferError</h3>
<span class="code">
<pre>java.lang.AssertionError: View with id &quot;transferFundsAccountEditText&quot; was not found
	at org.junit.Assert.fail(Assert.java:89)
	at org.junit.Assert.assertTrue(Assert.java:42)
	at org.junit.Assert.assertNotNull(Assert.java:713)
	at org.hyperskill.simplebankmanager.internals.screen.TransferFundsScreen.&lt;init&gt;(TransferFundsScreen.kt:51)
	at org.hyperskill.simplebankmanager.Stage3UnitTest$test04_checkEmptyAmountTransferError$1.invoke(Stage3UnitTest.kt:122)
	at org.hyperskill.simplebankmanager.Stage3UnitTest$test04_checkEmptyAmountTransferError$1.invoke(Stage3UnitTest.kt:113)
	at org.hyperskill.simplebankmanager.internals.AbstractUnitTest.testActivity(AbstractUnitTest.kt:91)
	at org.hyperskill.simplebankmanager.internals.AbstractUnitTest.testActivity$default(AbstractUnitTest.kt:74)
	at org.hyperskill.simplebankmanager.Stage3UnitTest.test04_checkEmptyAmountTransferError(Stage3UnitTest.kt:113)
	at java.base/jdk.internal.reflect.DirectMethodHandleAccessor.invoke(DirectMethodHandleAccessor.java:103)
	at java.base/java.lang.reflect.Method.invoke(Method.java:580)
	at org.junit.runners.model.FrameworkMethod$1.runReflectiveCall(FrameworkMethod.java:59)
	at org.junit.internal.runners.model.ReflectiveCallable.run(ReflectiveCallable.java:12)
	at org.junit.runners.model.FrameworkMethod.invokeExplosively(FrameworkMethod.java:56)
	at org.junit.internal.runners.statements.InvokeMethod.evaluate(InvokeMethod.java:17)
	at org.junit.runners.ParentRunner$3.evaluate(ParentRunner.java:306)
	at org.robolectric.RobolectricTestRunner$HelperTestRunner$1.evaluate(RobolectricTestRunner.java:502)
	at org.robolectric.internal.SandboxTestRunner$2.lambda$evaluate$2(SandboxTestRunner.java:285)
	at org.robolectric.internal.bytecode.Sandbox.lambda$runOnMainThread$0(Sandbox.java:104)
	at java.base/java.util.concurrent.FutureTask.run(FutureTask.java:317)
	at java.base/java.util.concurrent.ThreadPoolExecutor.runWorker(ThreadPoolExecutor.java:1144)
	at java.base/java.util.concurrent.ThreadPoolExecutor$Worker.run(ThreadPoolExecutor.java:642)
	at java.base/java.lang.Thread.run(Thread.java:1583)
</pre>
</span>
</div>
<div class="test">
<a name="test05_checkZeroAmountTransferError"></a>
<h3 class="failures">test05_checkZeroAmountTransferError</h3>
<span class="code">
<pre>java.lang.AssertionError: View with id &quot;transferFundsAccountEditText&quot; was not found
	at org.junit.Assert.fail(Assert.java:89)
	at org.junit.Assert.assertTrue(Assert.java:42)
	at org.junit.Assert.assertNotNull(Assert.java:713)
	at org.hyperskill.simplebankmanager.internals.screen.TransferFundsScreen.&lt;init&gt;(TransferFundsScreen.kt:51)
	at org.hyperskill.simplebankmanager.Stage3UnitTest$test05_checkZeroAmountTransferError$1.invoke(Stage3UnitTest.kt:145)
	at org.hyperskill.simplebankmanager.Stage3UnitTest$test05_checkZeroAmountTransferError$1.invoke(Stage3UnitTest.kt:136)
	at org.hyperskill.simplebankmanager.internals.AbstractUnitTest.testActivity(AbstractUnitTest.kt:91)
	at org.hyperskill.simplebankmanager.internals.AbstractUnitTest.testActivity$default(AbstractUnitTest.kt:74)
	at org.hyperskill.simplebankmanager.Stage3UnitTest.test05_checkZeroAmountTransferError(Stage3UnitTest.kt:136)
	at java.base/jdk.internal.reflect.DirectMethodHandleAccessor.invoke(DirectMethodHandleAccessor.java:103)
	at java.base/java.lang.reflect.Method.invoke(Method.java:580)
	at org.junit.runners.model.FrameworkMethod$1.runReflectiveCall(FrameworkMethod.java:59)
	at org.junit.internal.runners.model.ReflectiveCallable.run(ReflectiveCallable.java:12)
	at org.junit.runners.model.FrameworkMethod.invokeExplosively(FrameworkMethod.java:56)
	at org.junit.internal.runners.statements.InvokeMethod.evaluate(InvokeMethod.java:17)
	at org.junit.runners.ParentRunner$3.evaluate(ParentRunner.java:306)
	at org.robolectric.RobolectricTestRunner$HelperTestRunner$1.evaluate(RobolectricTestRunner.java:502)
	at org.robolectric.internal.SandboxTestRunner$2.lambda$evaluate$2(SandboxTestRunner.java:285)
	at org.robolectric.internal.bytecode.Sandbox.lambda$runOnMainThread$0(Sandbox.java:104)
	at java.base/java.util.concurrent.FutureTask.run(FutureTask.java:317)
	at java.base/java.util.concurrent.ThreadPoolExecutor.runWorker(ThreadPoolExecutor.java:1144)
	at java.base/java.util.concurrent.ThreadPoolExecutor$Worker.run(ThreadPoolExecutor.java:642)
	at java.base/java.lang.Thread.run(Thread.java:1583)
</pre>
</span>
</div>
<div class="test">
<a name="test06_checkEmptyAccountTransferError"></a>
<h3 class="failures">test06_checkEmptyAccountTransferError</h3>
<span class="code">
<pre>java.lang.AssertionError: View with id &quot;transferFundsAccountEditText&quot; was not found
	at org.junit.Assert.fail(Assert.java:89)
	at org.junit.Assert.assertTrue(Assert.java:42)
	at org.junit.Assert.assertNotNull(Assert.java:713)
	at org.hyperskill.simplebankmanager.internals.screen.TransferFundsScreen.&lt;init&gt;(TransferFundsScreen.kt:51)
	at org.hyperskill.simplebankmanager.Stage3UnitTest$test06_checkEmptyAccountTransferError$1.invoke(Stage3UnitTest.kt:168)
	at org.hyperskill.simplebankmanager.Stage3UnitTest$test06_checkEmptyAccountTransferError$1.invoke(Stage3UnitTest.kt:159)
	at org.hyperskill.simplebankmanager.internals.AbstractUnitTest.testActivity(AbstractUnitTest.kt:91)
	at org.hyperskill.simplebankmanager.internals.AbstractUnitTest.testActivity$default(AbstractUnitTest.kt:74)
	at org.hyperskill.simplebankmanager.Stage3UnitTest.test06_checkEmptyAccountTransferError(Stage3UnitTest.kt:159)
	at java.base/jdk.internal.reflect.DirectMethodHandleAccessor.invoke(DirectMethodHandleAccessor.java:103)
	at java.base/java.lang.reflect.Method.invoke(Method.java:580)
	at org.junit.runners.model.FrameworkMethod$1.runReflectiveCall(FrameworkMethod.java:59)
	at org.junit.internal.runners.model.ReflectiveCallable.run(ReflectiveCallable.java:12)
	at org.junit.runners.model.FrameworkMethod.invokeExplosively(FrameworkMethod.java:56)
	at org.junit.internal.runners.statements.InvokeMethod.evaluate(InvokeMethod.java:17)
	at org.junit.runners.ParentRunner$3.evaluate(ParentRunner.java:306)
	at org.robolectric.RobolectricTestRunner$HelperTestRunner$1.evaluate(RobolectricTestRunner.java:502)
	at org.robolectric.internal.SandboxTestRunner$2.lambda$evaluate$2(SandboxTestRunner.java:285)
	at org.robolectric.internal.bytecode.Sandbox.lambda$runOnMainThread$0(Sandbox.java:104)
	at java.base/java.util.concurrent.FutureTask.run(FutureTask.java:317)
	at java.base/java.util.concurrent.ThreadPoolExecutor.runWorker(ThreadPoolExecutor.java:1144)
	at java.base/java.util.concurrent.ThreadPoolExecutor$Worker.run(ThreadPoolExecutor.java:642)
	at java.base/java.lang.Thread.run(Thread.java:1583)
</pre>
</span>
</div>
<div class="test">
<a name="test07_checkIncorrectAccountTransferError"></a>
<h3 class="failures">test07_checkIncorrectAccountTransferError</h3>
<span class="code">
<pre>java.lang.AssertionError: View with id &quot;transferFundsAccountEditText&quot; was not found
	at org.junit.Assert.fail(Assert.java:89)
	at org.junit.Assert.assertTrue(Assert.java:42)
	at org.junit.Assert.assertNotNull(Assert.java:713)
	at org.hyperskill.simplebankmanager.internals.screen.TransferFundsScreen.&lt;init&gt;(TransferFundsScreen.kt:51)
	at org.hyperskill.simplebankmanager.Stage3UnitTest$test07_checkIncorrectAccountTransferError$1.invoke(Stage3UnitTest.kt:191)
	at org.hyperskill.simplebankmanager.Stage3UnitTest$test07_checkIncorrectAccountTransferError$1.invoke(Stage3UnitTest.kt:182)
	at org.hyperskill.simplebankmanager.internals.AbstractUnitTest.testActivity(AbstractUnitTest.kt:91)
	at org.hyperskill.simplebankmanager.internals.AbstractUnitTest.testActivity$default(AbstractUnitTest.kt:74)
	at org.hyperskill.simplebankmanager.Stage3UnitTest.test07_checkIncorrectAccountTransferError(Stage3UnitTest.kt:182)
	at java.base/jdk.internal.reflect.DirectMethodHandleAccessor.invoke(DirectMethodHandleAccessor.java:103)
	at java.base/java.lang.reflect.Method.invoke(Method.java:580)
	at org.junit.runners.model.FrameworkMethod$1.runReflectiveCall(FrameworkMethod.java:59)
	at org.junit.internal.runners.model.ReflectiveCallable.run(ReflectiveCallable.java:12)
	at org.junit.runners.model.FrameworkMethod.invokeExplosively(FrameworkMethod.java:56)
	at org.junit.internal.runners.statements.InvokeMethod.evaluate(InvokeMethod.java:17)
	at org.junit.runners.ParentRunner$3.evaluate(ParentRunner.java:306)
	at org.robolectric.RobolectricTestRunner$HelperTestRunner$1.evaluate(RobolectricTestRunner.java:502)
	at org.robolectric.internal.SandboxTestRunner$2.lambda$evaluate$2(SandboxTestRunner.java:285)
	at org.robolectric.internal.bytecode.Sandbox.lambda$runOnMainThread$0(Sandbox.java:104)
	at java.base/java.util.concurrent.FutureTask.run(FutureTask.java:317)
	at java.base/java.util.concurrent.ThreadPoolExecutor.runWorker(ThreadPoolExecutor.java:1144)
	at java.base/java.util.concurrent.ThreadPoolExecutor$Worker.run(ThreadPoolExecutor.java:642)
	at java.base/java.lang.Thread.run(Thread.java:1583)
</pre>
</span>
</div>
<div class="test">
<a name="test08_checkInsufficientFundsToastWithDefaultBalance"></a>
<h3 class="failures">test08_checkInsufficientFundsToastWithDefaultBalance</h3>
<span class="code">
<pre>java.lang.AssertionError: View with id &quot;transferFundsAccountEditText&quot; was not found
	at org.junit.Assert.fail(Assert.java:89)
	at org.junit.Assert.assertTrue(Assert.java:42)
	at org.junit.Assert.assertNotNull(Assert.java:713)
	at org.hyperskill.simplebankmanager.internals.screen.TransferFundsScreen.&lt;init&gt;(TransferFundsScreen.kt:51)
	at org.hyperskill.simplebankmanager.Stage3UnitTest$test08_checkInsufficientFundsToastWithDefaultBalance$1.invoke(Stage3UnitTest.kt:226)
	at org.hyperskill.simplebankmanager.Stage3UnitTest$test08_checkInsufficientFundsToastWithDefaultBalance$1.invoke(Stage3UnitTest.kt:217)
	at org.hyperskill.simplebankmanager.internals.AbstractUnitTest.testActivity(AbstractUnitTest.kt:91)
	at org.hyperskill.simplebankmanager.internals.AbstractUnitTest.testActivity$default(AbstractUnitTest.kt:74)
	at org.hyperskill.simplebankmanager.Stage3UnitTest.test08_checkInsufficientFundsToastWithDefaultBalance(Stage3UnitTest.kt:217)
	at java.base/jdk.internal.reflect.DirectMethodHandleAccessor.invoke(DirectMethodHandleAccessor.java:103)
	at java.base/java.lang.reflect.Method.invoke(Method.java:580)
	at org.junit.runners.model.FrameworkMethod$1.runReflectiveCall(FrameworkMethod.java:59)
	at org.junit.internal.runners.model.ReflectiveCallable.run(ReflectiveCallable.java:12)
	at org.junit.runners.model.FrameworkMethod.invokeExplosively(FrameworkMethod.java:56)
	at org.junit.internal.runners.statements.InvokeMethod.evaluate(InvokeMethod.java:17)
	at org.junit.runners.ParentRunner$3.evaluate(ParentRunner.java:306)
	at org.robolectric.RobolectricTestRunner$HelperTestRunner$1.evaluate(RobolectricTestRunner.java:502)
	at org.robolectric.internal.SandboxTestRunner$2.lambda$evaluate$2(SandboxTestRunner.java:285)
	at org.robolectric.internal.bytecode.Sandbox.lambda$runOnMainThread$0(Sandbox.java:104)
	at java.base/java.util.concurrent.FutureTask.run(FutureTask.java:317)
	at java.base/java.util.concurrent.ThreadPoolExecutor.runWorker(ThreadPoolExecutor.java:1144)
	at java.base/java.util.concurrent.ThreadPoolExecutor$Worker.run(ThreadPoolExecutor.java:642)
	at java.base/java.lang.Thread.run(Thread.java:1583)
</pre>
</span>
</div>
<div class="test">
<a name="test09_checkInsufficientFundsToastWithCustomBalance"></a>
<h3 class="failures">test09_checkInsufficientFundsToastWithCustomBalance</h3>
<span class="code">
<pre>java.lang.AssertionError: View with id &quot;transferFundsAccountEditText&quot; was not found
	at org.junit.Assert.fail(Assert.java:89)
	at org.junit.Assert.assertTrue(Assert.java:42)
	at org.junit.Assert.assertNotNull(Assert.java:713)
	at org.hyperskill.simplebankmanager.internals.screen.TransferFundsScreen.&lt;init&gt;(TransferFundsScreen.kt:51)
	at org.hyperskill.simplebankmanager.Stage3UnitTest$test09_checkInsufficientFundsToastWithCustomBalance$1.invoke(Stage3UnitTest.kt:288)
	at org.hyperskill.simplebankmanager.Stage3UnitTest$test09_checkInsufficientFundsToastWithCustomBalance$1.invoke(Stage3UnitTest.kt:277)
	at org.hyperskill.simplebankmanager.internals.AbstractUnitTest.testActivity(AbstractUnitTest.kt:91)
	at org.hyperskill.simplebankmanager.internals.AbstractUnitTest.testActivity$default(AbstractUnitTest.kt:74)
	at org.hyperskill.simplebankmanager.Stage3UnitTest.test09_checkInsufficientFundsToastWithCustomBalance(Stage3UnitTest.kt:277)
	at java.base/jdk.internal.reflect.DirectMethodHandleAccessor.invoke(DirectMethodHandleAccessor.java:103)
	at java.base/java.lang.reflect.Method.invoke(Method.java:580)
	at org.junit.runners.model.FrameworkMethod$1.runReflectiveCall(FrameworkMethod.java:59)
	at org.junit.internal.runners.model.ReflectiveCallable.run(ReflectiveCallable.java:12)
	at org.junit.runners.model.FrameworkMethod.invokeExplosively(FrameworkMethod.java:56)
	at org.junit.internal.runners.statements.InvokeMethod.evaluate(InvokeMethod.java:17)
	at org.junit.runners.ParentRunner$3.evaluate(ParentRunner.java:306)
	at org.robolectric.RobolectricTestRunner$HelperTestRunner$1.evaluate(RobolectricTestRunner.java:502)
	at org.robolectric.internal.SandboxTestRunner$2.lambda$evaluate$2(SandboxTestRunner.java:285)
	at org.robolectric.internal.bytecode.Sandbox.lambda$runOnMainThread$0(Sandbox.java:104)
	at java.base/java.util.concurrent.FutureTask.run(FutureTask.java:317)
	at java.base/java.util.concurrent.ThreadPoolExecutor.runWorker(ThreadPoolExecutor.java:1144)
	at java.base/java.util.concurrent.ThreadPoolExecutor$Worker.run(ThreadPoolExecutor.java:642)
	at java.base/java.lang.Thread.run(Thread.java:1583)
</pre>
</span>
</div>
<div class="test">
<a name="test10_checkSuccessfulTransferToastMessageAndReturnToUserMenu"></a>
<h3 class="failures">test10_checkSuccessfulTransferToastMessageAndReturnToUserMenu</h3>
<span class="code">
<pre>java.lang.AssertionError: View with id &quot;transferFundsAccountEditText&quot; was not found
	at org.junit.Assert.fail(Assert.java:89)
	at org.junit.Assert.assertTrue(Assert.java:42)
	at org.junit.Assert.assertNotNull(Assert.java:713)
	at org.hyperskill.simplebankmanager.internals.screen.TransferFundsScreen.&lt;init&gt;(TransferFundsScreen.kt:51)
	at org.hyperskill.simplebankmanager.Stage3UnitTest$test10_checkSuccessfulTransferToastMessageAndReturnToUserMenu$1.invoke(Stage3UnitTest.kt:339)
	at org.hyperskill.simplebankmanager.Stage3UnitTest$test10_checkSuccessfulTransferToastMessageAndReturnToUserMenu$1.invoke(Stage3UnitTest.kt:330)
	at org.hyperskill.simplebankmanager.internals.AbstractUnitTest.testActivity(AbstractUnitTest.kt:91)
	at org.hyperskill.simplebankmanager.internals.AbstractUnitTest.testActivity$default(AbstractUnitTest.kt:74)
	at org.hyperskill.simplebankmanager.Stage3UnitTest.test10_checkSuccessfulTransferToastMessageAndReturnToUserMenu(Stage3UnitTest.kt:330)
	at java.base/jdk.internal.reflect.DirectMethodHandleAccessor.invoke(DirectMethodHandleAccessor.java:103)
	at java.base/java.lang.reflect.Method.invoke(Method.java:580)
	at org.junit.runners.model.FrameworkMethod$1.runReflectiveCall(FrameworkMethod.java:59)
	at org.junit.internal.runners.model.ReflectiveCallable.run(ReflectiveCallable.java:12)
	at org.junit.runners.model.FrameworkMethod.invokeExplosively(FrameworkMethod.java:56)
	at org.junit.internal.runners.statements.InvokeMethod.evaluate(InvokeMethod.java:17)
	at org.junit.runners.ParentRunner$3.evaluate(ParentRunner.java:306)
	at org.robolectric.RobolectricTestRunner$HelperTestRunner$1.evaluate(RobolectricTestRunner.java:502)
	at org.robolectric.internal.SandboxTestRunner$2.lambda$evaluate$2(SandboxTestRunner.java:285)
	at org.robolectric.internal.bytecode.Sandbox.lambda$runOnMainThread$0(Sandbox.java:104)
	at java.base/java.util.concurrent.FutureTask.run(FutureTask.java:317)
	at java.base/java.util.concurrent.ThreadPoolExecutor.runWorker(ThreadPoolExecutor.java:1144)
	at java.base/java.util.concurrent.ThreadPoolExecutor$Worker.run(ThreadPoolExecutor.java:642)
	at java.base/java.lang.Thread.run(Thread.java:1583)
</pre>
</span>
</div>
<div class="test">
<a name="test11_checkUnsuccessfulTransferAfterSuccessfulTransfer"></a>
<h3 class="failures">test11_checkUnsuccessfulTransferAfterSuccessfulTransfer</h3>
<span class="code">
<pre>java.lang.AssertionError: View with id &quot;transferFundsAccountEditText&quot; was not found
	at org.junit.Assert.fail(Assert.java:89)
	at org.junit.Assert.assertTrue(Assert.java:42)
	at org.junit.Assert.assertNotNull(Assert.java:713)
	at org.hyperskill.simplebankmanager.internals.screen.TransferFundsScreen.&lt;init&gt;(TransferFundsScreen.kt:51)
	at org.hyperskill.simplebankmanager.Stage3UnitTest$test11_checkUnsuccessfulTransferAfterSuccessfulTransfer$1.invoke(Stage3UnitTest.kt:377)
	at org.hyperskill.simplebankmanager.Stage3UnitTest$test11_checkUnsuccessfulTransferAfterSuccessfulTransfer$1.invoke(Stage3UnitTest.kt:368)
	at org.hyperskill.simplebankmanager.internals.AbstractUnitTest.testActivity(AbstractUnitTest.kt:91)
	at org.hyperskill.simplebankmanager.internals.AbstractUnitTest.testActivity$default(AbstractUnitTest.kt:74)
	at org.hyperskill.simplebankmanager.Stage3UnitTest.test11_checkUnsuccessfulTransferAfterSuccessfulTransfer(Stage3UnitTest.kt:368)
	at java.base/jdk.internal.reflect.DirectMethodHandleAccessor.invoke(DirectMethodHandleAccessor.java:103)
	at java.base/java.lang.reflect.Method.invoke(Method.java:580)
	at org.junit.runners.model.FrameworkMethod$1.runReflectiveCall(FrameworkMethod.java:59)
	at org.junit.internal.runners.model.ReflectiveCallable.run(ReflectiveCallable.java:12)
	at org.junit.runners.model.FrameworkMethod.invokeExplosively(FrameworkMethod.java:56)
	at org.junit.internal.runners.statements.InvokeMethod.evaluate(InvokeMethod.java:17)
	at org.junit.runners.ParentRunner$3.evaluate(ParentRunner.java:306)
	at org.robolectric.RobolectricTestRunner$HelperTestRunner$1.evaluate(RobolectricTestRunner.java:502)
	at org.robolectric.internal.SandboxTestRunner$2.lambda$evaluate$2(SandboxTestRunner.java:285)
	at org.robolectric.internal.bytecode.Sandbox.lambda$runOnMainThread$0(Sandbox.java:104)
	at java.base/java.util.concurrent.FutureTask.run(FutureTask.java:317)
	at java.base/java.util.concurrent.ThreadPoolExecutor.runWorker(ThreadPoolExecutor.java:1144)
	at java.base/java.util.concurrent.ThreadPoolExecutor$Worker.run(ThreadPoolExecutor.java:642)
	at java.base/java.lang.Thread.run(Thread.java:1583)
</pre>
</span>
</div>
</div>
<div id="tab1" class="tab">
<h2>Tests</h2>
<table>
<thead>
<tr>
<th>Test</th>
<th>Duration</th>
<th>Result</th>
</tr>
</thead>
<tr>
<td class="success">test00_checkNavigationOnViewBalanceButtonClick</td>
<td class="success">3.407s</td>
<td class="success">passed</td>
</tr>
<tr>
<td class="success">test01_checkViewBalanceDefaultValues</td>
<td class="success">0.131s</td>
<td class="success">passed</td>
</tr>
<tr>
<td class="success">test02_checkViewBalanceCustomValues</td>
<td class="success">0.092s</td>
<td class="success">passed</td>
</tr>
<tr>
<td class="failures">test03_checkNavigationOnTransferFundsClick</td>
<td class="failures">0.077s</td>
<td class="failures">failed</td>
</tr>
<tr>
<td class="failures">test04_checkEmptyAmountTransferError</td>
<td class="failures">0.092s</td>
<td class="failures">failed</td>
</tr>
<tr>
<td class="failures">test05_checkZeroAmountTransferError</td>
<td class="failures">0.066s</td>
<td class="failures">failed</td>
</tr>
<tr>
<td class="failures">test06_checkEmptyAccountTransferError</td>
<td class="failures">0.064s</td>
<td class="failures">failed</td>
</tr>
<tr>
<td class="failures">test07_checkIncorrectAccountTransferError</td>
<td class="failures">0.086s</td>
<td class="failures">failed</td>
</tr>
<tr>
<td class="failures">test08_checkInsufficientFundsToastWithDefaultBalance</td>
<td class="failures">0.064s</td>
<td class="failures">failed</td>
</tr>
<tr>
<td class="failures">test09_checkInsufficientFundsToastWithCustomBalance</td>
<td class="failures">0.062s</td>
<td class="failures">failed</td>
</tr>
<tr>
<td class="failures">test10_checkSuccessfulTransferToastMessageAndReturnToUserMenu</td>
<td class="failures">0.082s</td>
<td class="failures">failed</td>
</tr>
<tr>
<td class="failures">test11_checkUnsuccessfulTransferAfterSuccessfulTransfer</td>
<td class="failures">0.071s</td>
<td class="failures">failed</td>
</tr>
</table>
</div>
</div>
<div id="footer">
<p>
<div>
<label class="hidden" id="label-for-line-wrapping-toggle" for="line-wrapping-toggle">Wrap lines
<input id="line-wrapping-toggle" type="checkbox" autocomplete="off"/>
</label>
</div>Generated by 
<a href="http://www.gradle.org">Gradle 8.9</a> at Dec 20, 2024, 7:10:11â€¯PM</p>
</div>
</div>
</body>
</html>
