<?xml version="1.0" encoding="UTF-8"?>
<testsuite name="org.hyperskill.simplebankmanager.Stage3UnitTest" tests="12" skipped="0" failures="9" errors="0" timestamp="2024-12-20T18:10:06" hostname="MacBook-Air-Wioleta.local" time="4.295">
  <properties/>
  <testcase name="test00_checkNavigationOnViewBalanceButtonClick" classname="org.hyperskill.simplebankmanager.Stage3UnitTest" time="3.407"/>
  <testcase name="test01_checkViewBalanceDefaultValues" classname="org.hyperskill.simplebankmanager.Stage3UnitTest" time="0.131"/>
  <testcase name="test02_checkViewBalanceCustomValues" classname="org.hyperskill.simplebankmanager.Stage3UnitTest" time="0.092"/>
  <testcase name="test03_checkNavigationOnTransferFundsClick" classname="org.hyperskill.simplebankmanager.Stage3UnitTest" time="0.077">
    <failure message="java.lang.AssertionError: View with id &quot;transferFundsAccountEditText&quot; was not found" type="java.lang.AssertionError">java.lang.AssertionError: View with id &quot;transferFundsAccountEditText&quot; was not found
	at org.junit.Assert.fail(Assert.java:89)
	at org.junit.Assert.assertTrue(Assert.java:42)
	at org.junit.Assert.assertNotNull(Assert.java:713)
	at org.hyperskill.simplebankmanager.internals.screen.TransferFundsScreen.&lt;init&gt;(TransferFundsScreen.kt:51)
	at org.hyperskill.simplebankmanager.Stage3UnitTest$test03_checkNavigationOnTransferFundsClick$1.invoke(Stage3UnitTest.kt:105)
	at org.hyperskill.simplebankmanager.Stage3UnitTest$test03_checkNavigationOnTransferFundsClick$1.invoke(Stage3UnitTest.kt:96)
	at org.hyperskill.simplebankmanager.internals.AbstractUnitTest.testActivity(AbstractUnitTest.kt:91)
	at org.hyperskill.simplebankmanager.internals.AbstractUnitTest.testActivity$default(AbstractUnitTest.kt:74)
	at org.hyperskill.simplebankmanager.Stage3UnitTest.test03_checkNavigationOnTransferFundsClick(Stage3UnitTest.kt:96)
	at java.base/jdk.internal.reflect.DirectMethodHandleAccessor.invoke(DirectMethodHandleAccessor.java:103)
	at java.base/java.lang.reflect.Method.invoke(Method.java:580)
	at org.junit.runners.model.FrameworkMethod$1.runReflectiveCall(FrameworkMethod.java:59)
	at org.junit.internal.runners.model.ReflectiveCallable.run(ReflectiveCallable.java:12)
	at org.junit.runners.model.FrameworkMethod.invokeExplosively(FrameworkMethod.java:56)
	at org.junit.internal.runners.statements.InvokeMethod.evaluate(InvokeMethod.java:17)
	at org.junit.runners.ParentRunner$3.evaluate(ParentRunner.java:306)
	at org.robolectric.RobolectricTestRunner$HelperTestRunner$1.evaluate(RobolectricTestRunner.java:502)
	at org.robolectric.internal.SandboxTestRunner$2.lambda$evaluate$2(SandboxTestRunner.java:285)
	at org.robolectric.internal.bytecode.Sandbox.lambda$runOnMainThread$0(Sandbox.java:104)
	at java.base/java.util.concurrent.FutureTask.run(FutureTask.java:317)
	at java.base/java.util.concurrent.ThreadPoolExecutor.runWorker(ThreadPoolExecutor.java:1144)
	at java.base/java.util.concurrent.ThreadPoolExecutor$Worker.run(ThreadPoolExecutor.java:642)
	at java.base/java.lang.Thread.run(Thread.java:1583)
</failure>
  </testcase>
  <testcase name="test04_checkEmptyAmountTransferError" classname="org.hyperskill.simplebankmanager.Stage3UnitTest" time="0.092">
    <failure message="java.lang.AssertionError: View with id &quot;transferFundsAccountEditText&quot; was not found" type="java.lang.AssertionError">java.lang.AssertionError: View with id &quot;transferFundsAccountEditText&quot; was not found
	at org.junit.Assert.fail(Assert.java:89)
	at org.junit.Assert.assertTrue(Assert.java:42)
	at org.junit.Assert.assertNotNull(Assert.java:713)
	at org.hyperskill.simplebankmanager.internals.screen.TransferFundsScreen.&lt;init&gt;(TransferFundsScreen.kt:51)
	at org.hyperskill.simplebankmanager.Stage3UnitTest$test04_checkEmptyAmountTransferError$1.invoke(Stage3UnitTest.kt:122)
	at org.hyperskill.simplebankmanager.Stage3UnitTest$test04_checkEmptyAmountTransferError$1.invoke(Stage3UnitTest.kt:113)
	at org.hyperskill.simplebankmanager.internals.AbstractUnitTest.testActivity(AbstractUnitTest.kt:91)
	at org.hyperskill.simplebankmanager.internals.AbstractUnitTest.testActivity$default(AbstractUnitTest.kt:74)
	at org.hyperskill.simplebankmanager.Stage3UnitTest.test04_checkEmptyAmountTransferError(Stage3UnitTest.kt:113)
	at java.base/jdk.internal.reflect.DirectMethodHandleAccessor.invoke(DirectMethodHandleAccessor.java:103)
	at java.base/java.lang.reflect.Method.invoke(Method.java:580)
	at org.junit.runners.model.FrameworkMethod$1.runReflectiveCall(FrameworkMethod.java:59)
	at org.junit.internal.runners.model.ReflectiveCallable.run(ReflectiveCallable.java:12)
	at org.junit.runners.model.FrameworkMethod.invokeExplosively(FrameworkMethod.java:56)
	at org.junit.internal.runners.statements.InvokeMethod.evaluate(InvokeMethod.java:17)
	at org.junit.runners.ParentRunner$3.evaluate(ParentRunner.java:306)
	at org.robolectric.RobolectricTestRunner$HelperTestRunner$1.evaluate(RobolectricTestRunner.java:502)
	at org.robolectric.internal.SandboxTestRunner$2.lambda$evaluate$2(SandboxTestRunner.java:285)
	at org.robolectric.internal.bytecode.Sandbox.lambda$runOnMainThread$0(Sandbox.java:104)
	at java.base/java.util.concurrent.FutureTask.run(FutureTask.java:317)
	at java.base/java.util.concurrent.ThreadPoolExecutor.runWorker(ThreadPoolExecutor.java:1144)
	at java.base/java.util.concurrent.ThreadPoolExecutor$Worker.run(ThreadPoolExecutor.java:642)
	at java.base/java.lang.Thread.run(Thread.java:1583)
</failure>
  </testcase>
  <testcase name="test05_checkZeroAmountTransferError" classname="org.hyperskill.simplebankmanager.Stage3UnitTest" time="0.066">
    <failure message="java.lang.AssertionError: View with id &quot;transferFundsAccountEditText&quot; was not found" type="java.lang.AssertionError">java.lang.AssertionError: View with id &quot;transferFundsAccountEditText&quot; was not found
	at org.junit.Assert.fail(Assert.java:89)
	at org.junit.Assert.assertTrue(Assert.java:42)
	at org.junit.Assert.assertNotNull(Assert.java:713)
	at org.hyperskill.simplebankmanager.internals.screen.TransferFundsScreen.&lt;init&gt;(TransferFundsScreen.kt:51)
	at org.hyperskill.simplebankmanager.Stage3UnitTest$test05_checkZeroAmountTransferError$1.invoke(Stage3UnitTest.kt:145)
	at org.hyperskill.simplebankmanager.Stage3UnitTest$test05_checkZeroAmountTransferError$1.invoke(Stage3UnitTest.kt:136)
	at org.hyperskill.simplebankmanager.internals.AbstractUnitTest.testActivity(AbstractUnitTest.kt:91)
	at org.hyperskill.simplebankmanager.internals.AbstractUnitTest.testActivity$default(AbstractUnitTest.kt:74)
	at org.hyperskill.simplebankmanager.Stage3UnitTest.test05_checkZeroAmountTransferError(Stage3UnitTest.kt:136)
	at java.base/jdk.internal.reflect.DirectMethodHandleAccessor.invoke(DirectMethodHandleAccessor.java:103)
	at java.base/java.lang.reflect.Method.invoke(Method.java:580)
	at org.junit.runners.model.FrameworkMethod$1.runReflectiveCall(FrameworkMethod.java:59)
	at org.junit.internal.runners.model.ReflectiveCallable.run(ReflectiveCallable.java:12)
	at org.junit.runners.model.FrameworkMethod.invokeExplosively(FrameworkMethod.java:56)
	at org.junit.internal.runners.statements.InvokeMethod.evaluate(InvokeMethod.java:17)
	at org.junit.runners.ParentRunner$3.evaluate(ParentRunner.java:306)
	at org.robolectric.RobolectricTestRunner$HelperTestRunner$1.evaluate(RobolectricTestRunner.java:502)
	at org.robolectric.internal.SandboxTestRunner$2.lambda$evaluate$2(SandboxTestRunner.java:285)
	at org.robolectric.internal.bytecode.Sandbox.lambda$runOnMainThread$0(Sandbox.java:104)
	at java.base/java.util.concurrent.FutureTask.run(FutureTask.java:317)
	at java.base/java.util.concurrent.ThreadPoolExecutor.runWorker(ThreadPoolExecutor.java:1144)
	at java.base/java.util.concurrent.ThreadPoolExecutor$Worker.run(ThreadPoolExecutor.java:642)
	at java.base/java.lang.Thread.run(Thread.java:1583)
</failure>
  </testcase>
  <testcase name="test06_checkEmptyAccountTransferError" classname="org.hyperskill.simplebankmanager.Stage3UnitTest" time="0.064">
    <failure message="java.lang.AssertionError: View with id &quot;transferFundsAccountEditText&quot; was not found" type="java.lang.AssertionError">java.lang.AssertionError: View with id &quot;transferFundsAccountEditText&quot; was not found
	at org.junit.Assert.fail(Assert.java:89)
	at org.junit.Assert.assertTrue(Assert.java:42)
	at org.junit.Assert.assertNotNull(Assert.java:713)
	at org.hyperskill.simplebankmanager.internals.screen.TransferFundsScreen.&lt;init&gt;(TransferFundsScreen.kt:51)
	at org.hyperskill.simplebankmanager.Stage3UnitTest$test06_checkEmptyAccountTransferError$1.invoke(Stage3UnitTest.kt:168)
	at org.hyperskill.simplebankmanager.Stage3UnitTest$test06_checkEmptyAccountTransferError$1.invoke(Stage3UnitTest.kt:159)
	at org.hyperskill.simplebankmanager.internals.AbstractUnitTest.testActivity(AbstractUnitTest.kt:91)
	at org.hyperskill.simplebankmanager.internals.AbstractUnitTest.testActivity$default(AbstractUnitTest.kt:74)
	at org.hyperskill.simplebankmanager.Stage3UnitTest.test06_checkEmptyAccountTransferError(Stage3UnitTest.kt:159)
	at java.base/jdk.internal.reflect.DirectMethodHandleAccessor.invoke(DirectMethodHandleAccessor.java:103)
	at java.base/java.lang.reflect.Method.invoke(Method.java:580)
	at org.junit.runners.model.FrameworkMethod$1.runReflectiveCall(FrameworkMethod.java:59)
	at org.junit.internal.runners.model.ReflectiveCallable.run(ReflectiveCallable.java:12)
	at org.junit.runners.model.FrameworkMethod.invokeExplosively(FrameworkMethod.java:56)
	at org.junit.internal.runners.statements.InvokeMethod.evaluate(InvokeMethod.java:17)
	at org.junit.runners.ParentRunner$3.evaluate(ParentRunner.java:306)
	at org.robolectric.RobolectricTestRunner$HelperTestRunner$1.evaluate(RobolectricTestRunner.java:502)
	at org.robolectric.internal.SandboxTestRunner$2.lambda$evaluate$2(SandboxTestRunner.java:285)
	at org.robolectric.internal.bytecode.Sandbox.lambda$runOnMainThread$0(Sandbox.java:104)
	at java.base/java.util.concurrent.FutureTask.run(FutureTask.java:317)
	at java.base/java.util.concurrent.ThreadPoolExecutor.runWorker(ThreadPoolExecutor.java:1144)
	at java.base/java.util.concurrent.ThreadPoolExecutor$Worker.run(ThreadPoolExecutor.java:642)
	at java.base/java.lang.Thread.run(Thread.java:1583)
</failure>
  </testcase>
  <testcase name="test07_checkIncorrectAccountTransferError" classname="org.hyperskill.simplebankmanager.Stage3UnitTest" time="0.086">
    <failure message="java.lang.AssertionError: View with id &quot;transferFundsAccountEditText&quot; was not found" type="java.lang.AssertionError">java.lang.AssertionError: View with id &quot;transferFundsAccountEditText&quot; was not found
	at org.junit.Assert.fail(Assert.java:89)
	at org.junit.Assert.assertTrue(Assert.java:42)
	at org.junit.Assert.assertNotNull(Assert.java:713)
	at org.hyperskill.simplebankmanager.internals.screen.TransferFundsScreen.&lt;init&gt;(TransferFundsScreen.kt:51)
	at org.hyperskill.simplebankmanager.Stage3UnitTest$test07_checkIncorrectAccountTransferError$1.invoke(Stage3UnitTest.kt:191)
	at org.hyperskill.simplebankmanager.Stage3UnitTest$test07_checkIncorrectAccountTransferError$1.invoke(Stage3UnitTest.kt:182)
	at org.hyperskill.simplebankmanager.internals.AbstractUnitTest.testActivity(AbstractUnitTest.kt:91)
	at org.hyperskill.simplebankmanager.internals.AbstractUnitTest.testActivity$default(AbstractUnitTest.kt:74)
	at org.hyperskill.simplebankmanager.Stage3UnitTest.test07_checkIncorrectAccountTransferError(Stage3UnitTest.kt:182)
	at java.base/jdk.internal.reflect.DirectMethodHandleAccessor.invoke(DirectMethodHandleAccessor.java:103)
	at java.base/java.lang.reflect.Method.invoke(Method.java:580)
	at org.junit.runners.model.FrameworkMethod$1.runReflectiveCall(FrameworkMethod.java:59)
	at org.junit.internal.runners.model.ReflectiveCallable.run(ReflectiveCallable.java:12)
	at org.junit.runners.model.FrameworkMethod.invokeExplosively(FrameworkMethod.java:56)
	at org.junit.internal.runners.statements.InvokeMethod.evaluate(InvokeMethod.java:17)
	at org.junit.runners.ParentRunner$3.evaluate(ParentRunner.java:306)
	at org.robolectric.RobolectricTestRunner$HelperTestRunner$1.evaluate(RobolectricTestRunner.java:502)
	at org.robolectric.internal.SandboxTestRunner$2.lambda$evaluate$2(SandboxTestRunner.java:285)
	at org.robolectric.internal.bytecode.Sandbox.lambda$runOnMainThread$0(Sandbox.java:104)
	at java.base/java.util.concurrent.FutureTask.run(FutureTask.java:317)
	at java.base/java.util.concurrent.ThreadPoolExecutor.runWorker(ThreadPoolExecutor.java:1144)
	at java.base/java.util.concurrent.ThreadPoolExecutor$Worker.run(ThreadPoolExecutor.java:642)
	at java.base/java.lang.Thread.run(Thread.java:1583)
</failure>
  </testcase>
  <testcase name="test08_checkInsufficientFundsToastWithDefaultBalance" classname="org.hyperskill.simplebankmanager.Stage3UnitTest" time="0.064">
    <failure message="java.lang.AssertionError: View with id &quot;transferFundsAccountEditText&quot; was not found" type="java.lang.AssertionError">java.lang.AssertionError: View with id &quot;transferFundsAccountEditText&quot; was not found
	at org.junit.Assert.fail(Assert.java:89)
	at org.junit.Assert.assertTrue(Assert.java:42)
	at org.junit.Assert.assertNotNull(Assert.java:713)
	at org.hyperskill.simplebankmanager.internals.screen.TransferFundsScreen.&lt;init&gt;(TransferFundsScreen.kt:51)
	at org.hyperskill.simplebankmanager.Stage3UnitTest$test08_checkInsufficientFundsToastWithDefaultBalance$1.invoke(Stage3UnitTest.kt:226)
	at org.hyperskill.simplebankmanager.Stage3UnitTest$test08_checkInsufficientFundsToastWithDefaultBalance$1.invoke(Stage3UnitTest.kt:217)
	at org.hyperskill.simplebankmanager.internals.AbstractUnitTest.testActivity(AbstractUnitTest.kt:91)
	at org.hyperskill.simplebankmanager.internals.AbstractUnitTest.testActivity$default(AbstractUnitTest.kt:74)
	at org.hyperskill.simplebankmanager.Stage3UnitTest.test08_checkInsufficientFundsToastWithDefaultBalance(Stage3UnitTest.kt:217)
	at java.base/jdk.internal.reflect.DirectMethodHandleAccessor.invoke(DirectMethodHandleAccessor.java:103)
	at java.base/java.lang.reflect.Method.invoke(Method.java:580)
	at org.junit.runners.model.FrameworkMethod$1.runReflectiveCall(FrameworkMethod.java:59)
	at org.junit.internal.runners.model.ReflectiveCallable.run(ReflectiveCallable.java:12)
	at org.junit.runners.model.FrameworkMethod.invokeExplosively(FrameworkMethod.java:56)
	at org.junit.internal.runners.statements.InvokeMethod.evaluate(InvokeMethod.java:17)
	at org.junit.runners.ParentRunner$3.evaluate(ParentRunner.java:306)
	at org.robolectric.RobolectricTestRunner$HelperTestRunner$1.evaluate(RobolectricTestRunner.java:502)
	at org.robolectric.internal.SandboxTestRunner$2.lambda$evaluate$2(SandboxTestRunner.java:285)
	at org.robolectric.internal.bytecode.Sandbox.lambda$runOnMainThread$0(Sandbox.java:104)
	at java.base/java.util.concurrent.FutureTask.run(FutureTask.java:317)
	at java.base/java.util.concurrent.ThreadPoolExecutor.runWorker(ThreadPoolExecutor.java:1144)
	at java.base/java.util.concurrent.ThreadPoolExecutor$Worker.run(ThreadPoolExecutor.java:642)
	at java.base/java.lang.Thread.run(Thread.java:1583)
</failure>
  </testcase>
  <testcase name="test09_checkInsufficientFundsToastWithCustomBalance" classname="org.hyperskill.simplebankmanager.Stage3UnitTest" time="0.062">
    <failure message="java.lang.AssertionError: View with id &quot;transferFundsAccountEditText&quot; was not found" type="java.lang.AssertionError">java.lang.AssertionError: View with id &quot;transferFundsAccountEditText&quot; was not found
	at org.junit.Assert.fail(Assert.java:89)
	at org.junit.Assert.assertTrue(Assert.java:42)
	at org.junit.Assert.assertNotNull(Assert.java:713)
	at org.hyperskill.simplebankmanager.internals.screen.TransferFundsScreen.&lt;init&gt;(TransferFundsScreen.kt:51)
	at org.hyperskill.simplebankmanager.Stage3UnitTest$test09_checkInsufficientFundsToastWithCustomBalance$1.invoke(Stage3UnitTest.kt:288)
	at org.hyperskill.simplebankmanager.Stage3UnitTest$test09_checkInsufficientFundsToastWithCustomBalance$1.invoke(Stage3UnitTest.kt:277)
	at org.hyperskill.simplebankmanager.internals.AbstractUnitTest.testActivity(AbstractUnitTest.kt:91)
	at org.hyperskill.simplebankmanager.internals.AbstractUnitTest.testActivity$default(AbstractUnitTest.kt:74)
	at org.hyperskill.simplebankmanager.Stage3UnitTest.test09_checkInsufficientFundsToastWithCustomBalance(Stage3UnitTest.kt:277)
	at java.base/jdk.internal.reflect.DirectMethodHandleAccessor.invoke(DirectMethodHandleAccessor.java:103)
	at java.base/java.lang.reflect.Method.invoke(Method.java:580)
	at org.junit.runners.model.FrameworkMethod$1.runReflectiveCall(FrameworkMethod.java:59)
	at org.junit.internal.runners.model.ReflectiveCallable.run(ReflectiveCallable.java:12)
	at org.junit.runners.model.FrameworkMethod.invokeExplosively(FrameworkMethod.java:56)
	at org.junit.internal.runners.statements.InvokeMethod.evaluate(InvokeMethod.java:17)
	at org.junit.runners.ParentRunner$3.evaluate(ParentRunner.java:306)
	at org.robolectric.RobolectricTestRunner$HelperTestRunner$1.evaluate(RobolectricTestRunner.java:502)
	at org.robolectric.internal.SandboxTestRunner$2.lambda$evaluate$2(SandboxTestRunner.java:285)
	at org.robolectric.internal.bytecode.Sandbox.lambda$runOnMainThread$0(Sandbox.java:104)
	at java.base/java.util.concurrent.FutureTask.run(FutureTask.java:317)
	at java.base/java.util.concurrent.ThreadPoolExecutor.runWorker(ThreadPoolExecutor.java:1144)
	at java.base/java.util.concurrent.ThreadPoolExecutor$Worker.run(ThreadPoolExecutor.java:642)
	at java.base/java.lang.Thread.run(Thread.java:1583)
</failure>
  </testcase>
  <testcase name="test10_checkSuccessfulTransferToastMessageAndReturnToUserMenu" classname="org.hyperskill.simplebankmanager.Stage3UnitTest" time="0.082">
    <failure message="java.lang.AssertionError: View with id &quot;transferFundsAccountEditText&quot; was not found" type="java.lang.AssertionError">java.lang.AssertionError: View with id &quot;transferFundsAccountEditText&quot; was not found
	at org.junit.Assert.fail(Assert.java:89)
	at org.junit.Assert.assertTrue(Assert.java:42)
	at org.junit.Assert.assertNotNull(Assert.java:713)
	at org.hyperskill.simplebankmanager.internals.screen.TransferFundsScreen.&lt;init&gt;(TransferFundsScreen.kt:51)
	at org.hyperskill.simplebankmanager.Stage3UnitTest$test10_checkSuccessfulTransferToastMessageAndReturnToUserMenu$1.invoke(Stage3UnitTest.kt:339)
	at org.hyperskill.simplebankmanager.Stage3UnitTest$test10_checkSuccessfulTransferToastMessageAndReturnToUserMenu$1.invoke(Stage3UnitTest.kt:330)
	at org.hyperskill.simplebankmanager.internals.AbstractUnitTest.testActivity(AbstractUnitTest.kt:91)
	at org.hyperskill.simplebankmanager.internals.AbstractUnitTest.testActivity$default(AbstractUnitTest.kt:74)
	at org.hyperskill.simplebankmanager.Stage3UnitTest.test10_checkSuccessfulTransferToastMessageAndReturnToUserMenu(Stage3UnitTest.kt:330)
	at java.base/jdk.internal.reflect.DirectMethodHandleAccessor.invoke(DirectMethodHandleAccessor.java:103)
	at java.base/java.lang.reflect.Method.invoke(Method.java:580)
	at org.junit.runners.model.FrameworkMethod$1.runReflectiveCall(FrameworkMethod.java:59)
	at org.junit.internal.runners.model.ReflectiveCallable.run(ReflectiveCallable.java:12)
	at org.junit.runners.model.FrameworkMethod.invokeExplosively(FrameworkMethod.java:56)
	at org.junit.internal.runners.statements.InvokeMethod.evaluate(InvokeMethod.java:17)
	at org.junit.runners.ParentRunner$3.evaluate(ParentRunner.java:306)
	at org.robolectric.RobolectricTestRunner$HelperTestRunner$1.evaluate(RobolectricTestRunner.java:502)
	at org.robolectric.internal.SandboxTestRunner$2.lambda$evaluate$2(SandboxTestRunner.java:285)
	at org.robolectric.internal.bytecode.Sandbox.lambda$runOnMainThread$0(Sandbox.java:104)
	at java.base/java.util.concurrent.FutureTask.run(FutureTask.java:317)
	at java.base/java.util.concurrent.ThreadPoolExecutor.runWorker(ThreadPoolExecutor.java:1144)
	at java.base/java.util.concurrent.ThreadPoolExecutor$Worker.run(ThreadPoolExecutor.java:642)
	at java.base/java.lang.Thread.run(Thread.java:1583)
</failure>
  </testcase>
  <testcase name="test11_checkUnsuccessfulTransferAfterSuccessfulTransfer" classname="org.hyperskill.simplebankmanager.Stage3UnitTest" time="0.071">
    <failure message="java.lang.AssertionError: View with id &quot;transferFundsAccountEditText&quot; was not found" type="java.lang.AssertionError">java.lang.AssertionError: View with id &quot;transferFundsAccountEditText&quot; was not found
	at org.junit.Assert.fail(Assert.java:89)
	at org.junit.Assert.assertTrue(Assert.java:42)
	at org.junit.Assert.assertNotNull(Assert.java:713)
	at org.hyperskill.simplebankmanager.internals.screen.TransferFundsScreen.&lt;init&gt;(TransferFundsScreen.kt:51)
	at org.hyperskill.simplebankmanager.Stage3UnitTest$test11_checkUnsuccessfulTransferAfterSuccessfulTransfer$1.invoke(Stage3UnitTest.kt:377)
	at org.hyperskill.simplebankmanager.Stage3UnitTest$test11_checkUnsuccessfulTransferAfterSuccessfulTransfer$1.invoke(Stage3UnitTest.kt:368)
	at org.hyperskill.simplebankmanager.internals.AbstractUnitTest.testActivity(AbstractUnitTest.kt:91)
	at org.hyperskill.simplebankmanager.internals.AbstractUnitTest.testActivity$default(AbstractUnitTest.kt:74)
	at org.hyperskill.simplebankmanager.Stage3UnitTest.test11_checkUnsuccessfulTransferAfterSuccessfulTransfer(Stage3UnitTest.kt:368)
	at java.base/jdk.internal.reflect.DirectMethodHandleAccessor.invoke(DirectMethodHandleAccessor.java:103)
	at java.base/java.lang.reflect.Method.invoke(Method.java:580)
	at org.junit.runners.model.FrameworkMethod$1.runReflectiveCall(FrameworkMethod.java:59)
	at org.junit.internal.runners.model.ReflectiveCallable.run(ReflectiveCallable.java:12)
	at org.junit.runners.model.FrameworkMethod.invokeExplosively(FrameworkMethod.java:56)
	at org.junit.internal.runners.statements.InvokeMethod.evaluate(InvokeMethod.java:17)
	at org.junit.runners.ParentRunner$3.evaluate(ParentRunner.java:306)
	at org.robolectric.RobolectricTestRunner$HelperTestRunner$1.evaluate(RobolectricTestRunner.java:502)
	at org.robolectric.internal.SandboxTestRunner$2.lambda$evaluate$2(SandboxTestRunner.java:285)
	at org.robolectric.internal.bytecode.Sandbox.lambda$runOnMainThread$0(Sandbox.java:104)
	at java.base/java.util.concurrent.FutureTask.run(FutureTask.java:317)
	at java.base/java.util.concurrent.ThreadPoolExecutor.runWorker(ThreadPoolExecutor.java:1144)
	at java.base/java.util.concurrent.ThreadPoolExecutor$Worker.run(ThreadPoolExecutor.java:642)
	at java.base/java.lang.Thread.run(Thread.java:1583)
</failure>
  </testcase>
  <system-out><![CDATA[]]></system-out>
  <system-err><![CDATA[]]></system-err>
</testsuite>
